<?xml version="1.0" encoding="UTF-8"?>
<!-- Generated by org.testng.reporters.JUnitReportReporter -->
<testsuite hostname="Shah" failures="0" tests="2" name="com.walmart.qa.testcases.SearchPageTest" time="75.036" errors="0" timestamp="11 Oct 2019 23:33:34 GMT" skipped="0">
  <testcase classname="com.walmart.qa.testcases.SearchPageTest" name="EnterInputinSearchpageTest" time="30.519"/>
  <testcase classname="com.walmart.qa.testcases.SearchPageTest" name="PaginationTest" time="44.517"/>
</testsuite> <!-- com.walmart.qa.testcases.SearchPageTest -->
