<?xml version="1.0" encoding="UTF-8"?>
<!-- Generated by org.testng.reporters.JUnitReportReporter -->
<testsuite hostname="Shah" failures="0" tests="1" name="com.walmart.qa.testcases.AccountTest" time="19.534" errors="0" timestamp="11 Oct 2019 23:33:34 GMT" skipped="0">
  <testcase classname="com.walmart.qa.testcases.AccountTest" name="ClickonSignuplinkTest" time="19.534"/>
</testsuite> <!-- com.walmart.qa.testcases.AccountTest -->
